<?xml version="1.0" encoding="UTF-8"?>
<!-- Generated by org.testng.reporters.JUnitReportReporter -->
<testsuite hostname="C100-18" failures="0" tests="1" name="TestCase.TC_Mainpage" time="13.228" errors="0" timestamp="2023-05-18T17:58:32 IST" skipped="0">
  <testcase classname="TestCase.TC_Mainpage" name="task" time="13.228"/>
  <system-out/>
</testsuite> <!-- TestCase.TC_Mainpage -->
